C:\Code\Angular2Demo\Angular2Demo\src\app\app.component.js
C:\Code\Angular2Demo\Angular2Demo\src\app\app.component.js.map
C:\Code\Angular2Demo\Angular2Demo\src\app\employee\employee.js
C:\Code\Angular2Demo\Angular2Demo\src\app\employee\employee.js.map
C:\Code\Angular2Demo\Angular2Demo\src\app\employee\employee.service.js
C:\Code\Angular2Demo\Angular2Demo\src\app\employee\employee.service.js.map
C:\Code\Angular2Demo\Angular2Demo\src\app\employee\employee.component.js
C:\Code\Angular2Demo\Angular2Demo\src\app\employee\employee.component.js.map
C:\Code\Angular2Demo\Angular2Demo\src\app\employee\employeeList.component.js
C:\Code\Angular2Demo\Angular2Demo\src\app\employee\employeeList.component.js.map
C:\Code\Angular2Demo\Angular2Demo\src\app\employee\employeeCount.component.js
C:\Code\Angular2Demo\Angular2Demo\src\app\employee\employeeCount.component.js.map
C:\Code\Angular2Demo\Angular2Demo\src\app\lifeCycleHooks\lifeCycleHooks.component.js
C:\Code\Angular2Demo\Angular2Demo\src\app\lifeCycleHooks\lifeCycleHooks.component.js.map
C:\Code\Angular2Demo\Angular2Demo\src\app\home\home.component.js
C:\Code\Angular2Demo\Angular2Demo\src\app\home\home.component.js.map
C:\Code\Angular2Demo\Angular2Demo\src\app\pageNotFound\pageNotFound.component.js
C:\Code\Angular2Demo\Angular2Demo\src\app\pageNotFound\pageNotFound.component.js.map
C:\Code\Angular2Demo\Angular2Demo\src\app\employee\employeeTitle.pipe.js
C:\Code\Angular2Demo\Angular2Demo\src\app\employee\employeeTitle.pipe.js.map
C:\Code\Angular2Demo\Angular2Demo\src\app\app.module.js
C:\Code\Angular2Demo\Angular2Demo\src\app\app.module.js.map
C:\Code\Angular2Demo\Angular2Demo\src\main.js
C:\Code\Angular2Demo\Angular2Demo\src\main.js.map
C:\Code\Angular2Demo\Angular2Demo\src\app\app.component.spec.js
C:\Code\Angular2Demo\Angular2Demo\src\app\app.component.spec.js.map
